<?xml version="1.0" encoding="UTF-8"?>
<testsuite name="number.IntExtTest" tests="7" skipped="0" failures="0" errors="0" timestamp="2022-03-27T01:57:30" hostname="fv-az213-608" time="0.043">
  <properties/>
  <testcase name="returns true for even integers" classname="number.IntExtTest" time="0.002"/>
  <testcase name="returns false for non-even/odd integers" classname="number.IntExtTest" time="0.005"/>
  <testcase name="returns true for odd integers" classname="number.IntExtTest" time="0.0"/>
  <testcase name="returns false for non-odd/even integers" classname="number.IntExtTest" time="0.0"/>
  <testcase name="converts an integer into a list of digits" classname="number.IntExtTest" time="0.001"/>
  <testcase name="returns true for prime integers" classname="number.IntExtTest" time="0.001"/>
  <testcase name="returns false for non prime integers" classname="number.IntExtTest" time="0.001"/>
  <system-out><![CDATA[]]></system-out>
  <system-err><![CDATA[]]></system-err>
</testsuite>
